{"numFailedTestSuites":0,"numFailedTests":0,"numPassedTestSuites":1,"numPassedTests":21,"numPendingTestSuites":0,"numPendingTests":0,"numRuntimeErrorTestSuites":0,"numTodoTests":0,"numTotalTestSuites":1,"numTotalTests":21,"openHandles":[],"snapshot":{"added":0,"didUpdate":false,"failure":false,"filesAdded":0,"filesRemoved":0,"filesRemovedList":[],"filesUnmatched":0,"filesUpdated":0,"matched":0,"total":0,"unchecked":0,"uncheckedKeysByFile":[],"unmatched":0,"updated":0},"startTime":1734375390191,"success":true,"testResults":[{"leaks":false,"numFailingTests":0,"numPassingTests":21,"numPendingTests":0,"numTodoTests":0,"openHandles":[],"perfStats":{"end":1734375391097,"runtime":843,"slow":false,"start":1734375390254},"skipped":false,"snapshot":{"added":0,"fileDeleted":false,"matched":0,"unchecked":0,"uncheckedKeys":[],"unmatched":0,"updated":0},"testFilePath":"C:\\Users\\paolo\\OneDrive\\Documenti\\Università\\Magistrale\\Primo Anno\\Processo e sviluppo Software\\Progetti PSS\\2024_assignment2_Gruppo_MK\\__test__\\magazzino.test.js","testResults":[{"ancestorTitles":["controlloLogin"],"duration":3,"failureDetails":[],"failureMessages":[],"fullName":"controlloLogin autentica un utente valido","invocations":1,"location":null,"numPassingAsserts":1,"retryReasons":[],"status":"passed","title":"autentica un utente valido"},{"ancestorTitles":["controlloLogin"],"duration":0,"failureDetails":[],"failureMessages":[],"fullName":"controlloLogin rifiuta un utente con credenziali errate","invocations":1,"location":null,"numPassingAsserts":1,"retryReasons":[],"status":"passed","title":"rifiuta un utente con credenziali errate"},{"ancestorTitles":["controlloLogin"],"duration":0,"failureDetails":[],"failureMessages":[],"fullName":"controlloLogin rifiuta un utente non esistente","invocations":1,"location":null,"numPassingAsserts":1,"retryReasons":[],"status":"passed","title":"rifiuta un utente non esistente"},{"ancestorTitles":["trovaIDCategoria"],"duration":0,"failureDetails":[],"failureMessages":[],"fullName":"trovaIDCategoria trova l'ID della categoria esistente","invocations":1,"location":null,"numPassingAsserts":1,"retryReasons":[],"status":"passed","title":"trova l'ID della categoria esistente"},{"ancestorTitles":["trovaIDCategoria"],"duration":0,"failureDetails":[],"failureMessages":[],"fullName":"trovaIDCategoria restituisce undefined per una categoria inesistente","invocations":1,"location":null,"numPassingAsserts":1,"retryReasons":[],"status":"passed","title":"restituisce undefined per una categoria inesistente"},{"ancestorTitles":["stampaProdotti"],"duration":1,"failureDetails":[],"failureMessages":[],"fullName":"stampaProdotti stampa i prodotti della categoria esistente","invocations":1,"location":null,"numPassingAsserts":1,"retryReasons":[],"status":"passed","title":"stampa i prodotti della categoria esistente"},{"ancestorTitles":["stampaProdotti"],"duration":0,"failureDetails":[],"failureMessages":[],"fullName":"stampaProdotti avvisa quando la categoria non esiste","invocations":1,"location":null,"numPassingAsserts":1,"retryReasons":[],"status":"passed","title":"avvisa quando la categoria non esiste"},{"ancestorTitles":["cercaProdotto"],"duration":0,"failureDetails":[],"failureMessages":[],"fullName":"cercaProdotto trova le informazioni di un prodotto esistente","invocations":1,"location":null,"numPassingAsserts":1,"retryReasons":[],"status":"passed","title":"trova le informazioni di un prodotto esistente"},{"ancestorTitles":["cercaProdotto"],"duration":0,"failureDetails":[],"failureMessages":[],"fullName":"cercaProdotto avvisa quando il prodotto non esiste","invocations":1,"location":null,"numPassingAsserts":1,"retryReasons":[],"status":"passed","title":"avvisa quando il prodotto non esiste"},{"ancestorTitles":["nomiCategoria"],"duration":0,"failureDetails":[],"failureMessages":[],"fullName":"nomiCategoria restituisce tutti i nomi delle categorie ordinate","invocations":1,"location":null,"numPassingAsserts":1,"retryReasons":[],"status":"passed","title":"restituisce tutti i nomi delle categorie ordinate"},{"ancestorTitles":["nomiProdotti"],"duration":0,"failureDetails":[],"failureMessages":[],"fullName":"nomiProdotti restituisce tutti i nomi dei prodotti ordinati","invocations":1,"location":null,"numPassingAsserts":1,"retryReasons":[],"status":"passed","title":"restituisce tutti i nomi dei prodotti ordinati"},{"ancestorTitles":["cambioPrezzo"],"duration":47,"failureDetails":[],"failureMessages":[],"fullName":"cambioPrezzo cambia il prezzo dei prodotti","invocations":1,"location":null,"numPassingAsserts":2,"retryReasons":[],"status":"passed","title":"cambia il prezzo dei prodotti"},{"ancestorTitles":["cambioPrezzo"],"duration":1,"failureDetails":[],"failureMessages":[],"fullName":"cambioPrezzo non modifica prodotti per una categoria inesistente","invocations":1,"location":null,"numPassingAsserts":1,"retryReasons":[],"status":"passed","title":"non modifica prodotti per una categoria inesistente"},{"ancestorTitles":["cancellaProdotto"],"duration":4,"failureDetails":[],"failureMessages":[],"fullName":"cancellaProdotto cancella un prodotto esistente","invocations":1,"location":null,"numPassingAsserts":1,"retryReasons":[],"status":"passed","title":"cancella un prodotto esistente"},{"ancestorTitles":["cancellaProdotto"],"duration":1,"failureDetails":[],"failureMessages":[],"fullName":"cancellaProdotto non cancella un prodotto inesistente","invocations":1,"location":null,"numPassingAsserts":1,"retryReasons":[],"status":"passed","title":"non cancella un prodotto inesistente"},{"ancestorTitles":["cancellaCategoria"],"duration":1,"failureDetails":[],"failureMessages":[],"fullName":"cancellaCategoria cancella una categoria e i prodotti collegati","invocations":1,"location":null,"numPassingAsserts":2,"retryReasons":[],"status":"passed","title":"cancella una categoria e i prodotti collegati"},{"ancestorTitles":["cancellaCategoria"],"duration":0,"failureDetails":[],"failureMessages":[],"fullName":"cancellaCategoria non cancella nulla per una categoria inesistente","invocations":1,"location":null,"numPassingAsserts":1,"retryReasons":[],"status":"passed","title":"non cancella nulla per una categoria inesistente"},{"ancestorTitles":["aggiungiProdotto"],"duration":0,"failureDetails":[],"failureMessages":[],"fullName":"aggiungiProdotto non aggiunge un prodotto duplicato","invocations":1,"location":null,"numPassingAsserts":1,"retryReasons":[],"status":"passed","title":"non aggiunge un prodotto duplicato"},{"ancestorTitles":["aggiungiProdotto"],"duration":0,"failureDetails":[],"failureMessages":[],"fullName":"aggiungiProdotto aggiunge un nuovo prodotto valido","invocations":1,"location":null,"numPassingAsserts":2,"retryReasons":[],"status":"passed","title":"aggiunge un nuovo prodotto valido"},{"ancestorTitles":["aggiungiCategoria"],"duration":1,"failureDetails":[],"failureMessages":[],"fullName":"aggiungiCategoria non aggiunge una categoria duplicata","invocations":1,"location":null,"numPassingAsserts":1,"retryReasons":[],"status":"passed","title":"non aggiunge una categoria duplicata"},{"ancestorTitles":["aggiungiCategoria"],"duration":0,"failureDetails":[],"failureMessages":[],"fullName":"aggiungiCategoria aggiunge una nuova categoria valida","invocations":1,"location":null,"numPassingAsserts":1,"retryReasons":[],"status":"passed","title":"aggiunge una nuova categoria valida"}],"failureMessage":null}],"wasInterrupted":false}